Request method:	GET
Request URI:	https://postman-echo.com/get
Proxy:			<none>
Request params:	<none>
Query params:	<none>
Form params:	<none>
Path params:	<none>
Headers:		Accept=*/*
Cookies:		<none>
Multiparts:		<none>
Body:			<none>
HTTP/1.1 200 OK
Date: Mon, 10 Apr 2023 03:12:41 GMT
Content-Type: application/json; charset=utf-8
Content-Length: 360
Connection: keep-alive
ETag: W/"168-qZQEiurOimJQ9RfbyMC2pgi0LQE"
set-cookie: sails.sid=s%3ANRrlCZbSaAKlFdERqSfU0d6QB-1wE8ev.sEw5Tem5IQnFRFGbB92lmj8LiMWUV2pnho7owiVPEDc; Path=/; HttpOnly

{
    "args": {
        
    },
    "headers": {
        "x-forwarded-proto": "https",
        "x-forwarded-port": "443",
        "host": "postman-echo.com",
        "x-amzn-trace-id": "Root=1-64337ea9-5bb825c834f9f9f11be13ce6",
        "accept": "*/*",
        "user-agent": "Apache-HttpClient/4.5.13 (Java/15.0.2)",
        "accept-encoding": "gzip,deflate"
    },
    "url": "https://postman-echo.com/get"
}
